<?xml version="1.0" encoding="UTF-8"?>
<!-- Generated by org.testng.reporters.JUnitXMLReporter -->
<testsuite ignored="0" hostname="DESKTOP-O7SDEBS" failures="3" tests="3" name="Test" time="9.603" errors="0" timestamp="2022-07-19T22:57:24 IST">
  <testcase classname="testCases.GreenKartHomeTest" name="addItemToCart" time="0.0">
    <failure type="org.testng.TestNGException" message="
Cannot inject @Test annotated Method [addItemToCart] with [class objectRepository.GreenKartHome, interface org.openqa.selenium.WebDriver].
For more information on native dependency injection please refer to https://testng.org/doc/documentation-main.html#native-dependency-injection">
      <![CDATA[org.testng.TestNGException: 
Cannot inject @Test annotated Method [addItemToCart] with [class objectRepository.GreenKartHome, interface org.openqa.selenium.WebDriver].
For more information on native dependency injection please refer to https://testng.org/doc/documentation-main.html#native-dependency-injection
at java.base/java.util.ArrayList.forEach(ArrayList.java:1511)
... Removed 26 stack frames]]>
    </failure>
  </testcase> <!-- addItemToCart -->
  <testcase classname="testCases.CheckKartTest" name="place" time="0.0">
    <failure type="org.testng.TestNGException" message="
Cannot inject @Test annotated Method [place] with [class objectRepository.CheckCart].
For more information on native dependency injection please refer to https://testng.org/doc/documentation-main.html#native-dependency-injection">
      <![CDATA[org.testng.TestNGException: 
Cannot inject @Test annotated Method [place] with [class objectRepository.CheckCart].
For more information on native dependency injection please refer to https://testng.org/doc/documentation-main.html#native-dependency-injection
at java.base/java.util.ArrayList.forEach(ArrayList.java:1511)
... Removed 26 stack frames]]>
    </failure>
  </testcase> <!-- place -->
  <testcase classname="testCases.PlaceOrderTest" name="checkout" time="0.0">
    <failure type="org.testng.TestNGException" message="
Cannot inject @Test annotated Method [checkout] with [class objectRepository.PlaceOrder].
For more information on native dependency injection please refer to https://testng.org/doc/documentation-main.html#native-dependency-injection">
      <![CDATA[org.testng.TestNGException: 
Cannot inject @Test annotated Method [checkout] with [class objectRepository.PlaceOrder].
For more information on native dependency injection please refer to https://testng.org/doc/documentation-main.html#native-dependency-injection
at java.base/java.util.ArrayList.forEach(ArrayList.java:1511)
... Removed 26 stack frames]]>
    </failure>
  </testcase> <!-- checkout -->
</testsuite> <!-- Test -->
